[2019-10-10T19:25:25.936] [INFO] default - Running command: testDriver ../evaluation/target-1/known.js
[2019-10-10T19:25:53.217] [INFO] default - Running command: testDriver ../evaluation/target-1/known.js
[2019-10-10T19:26:17.367] [INFO] default - Running command: testdriver ../evaluation/target-1/known.js
[2019-10-10T19:29:36.786] [INFO] default - Running command: testdriver ../evaluation/target-1/known.js
[2019-10-10T19:32:10.097] [INFO] default - Running command: instrument --outputDir ../evaluation/jalangi-1 ../evaluation/smallcase/case-1/
[2019-10-10T19:32:10.102] [INFO] default - instrumenting application: ../evaluation/smallcase/case-1/
[2019-10-10T19:32:10.102] [INFO] default - run command: node /Users/xiaoningchang/Documents/Code/noderacer/driver/instApp.js --justGenerate --verbose --outputDir ../evaluation/jalangi-1 ../evaluation/smallcase/case-1/ , desc: instrumentation
[2019-10-10T19:32:10.140] [INFO] default - run command "node  /Users/xiaoningchang/Documents/Code/noderacer/driver/instApp.js --justGenerate --verbose --outputDir ../evaluation/jalangi-1 ../evaluation/smallcase/case-1/" failed
[2019-10-10T19:35:22.877] [INFO] default - Running command: instrument --outputDir ../evaluation/jalangi-1 ../evaluation/smallcase/case-1/
[2019-10-10T19:35:22.882] [INFO] default - instrumenting application: ../evaluation/smallcase/case-1/
[2019-10-10T19:35:22.883] [INFO] default - run command: node /Users/xiaoningchang/Documents/Code/noderacer/driver/instApp.js --justGenerate --verbose --outputDir ../evaluation/jalangi-1 ../evaluation/smallcase/case-1/ , desc: instrumentation
[2019-10-10T19:35:22.922] [INFO] default - run command "node  /Users/xiaoningchang/Documents/Code/noderacer/driver/instApp.js --justGenerate --verbose --outputDir ../evaluation/jalangi-1 ../evaluation/smallcase/case-1/" failed
[2019-10-10T19:35:39.748] [INFO] default - Running command: instrument --outputDir ../evaluation/jalangi-1 ../evaluation/smallcase/case-1/
[2019-10-10T19:35:39.754] [INFO] default - instrumenting application: ../evaluation/smallcase/case-1/
[2019-10-10T19:35:39.754] [INFO] default - run command: node /Users/xiaoningchang/Documents/Code/noderacer/driver/instApp.js --justGenerate --verbose --outputDir ../evaluation/jalangi-1 ../evaluation/smallcase/case-1/ , desc: instrumentation
[2019-10-10T19:35:39.795] [INFO] default - run command "node  /Users/xiaoningchang/Documents/Code/noderacer/driver/instApp.js --justGenerate --verbose --outputDir ../evaluation/jalangi-1 ../evaluation/smallcase/case-1/" failed
[2019-10-10T21:08:45.659] [INFO] default - Running command: instrument --outputDir ../evaluation/jalangi-1 ../evaluation/smallcase/case-1/
[2019-10-10T21:08:45.664] [INFO] default - instrumenting application: ../evaluation/smallcase/case-1/
[2019-10-10T21:08:45.664] [INFO] default - run command: node /Users/xiaoningchang/Documents/Code/noderacer/driver/instApp.js --justGenerate --verbose --outputDir ../evaluation/jalangi-1 ../evaluation/smallcase/case-1/ , desc: instrumentation
[2019-10-10T21:08:45.815] [INFO] default - run command "node  /Users/xiaoningchang/Documents/Code/noderacer/driver/instApp.js --justGenerate --verbose --outputDir ../evaluation/jalangi-1 ../evaluation/smallcase/case-1/" failed
[2019-10-10T21:11:01.481] [INFO] default - Running command: instrument --outputDir ../evaluation/jalangi-1 ../evaluation/smallcase/case-1/
[2019-10-10T21:11:01.486] [INFO] default - instrumenting application: ../evaluation/smallcase/case-1/
[2019-10-10T21:11:01.487] [INFO] default - run command: node /Users/xiaoningchang/Documents/Code/noderacer/driver/instApp.js --justGenerate --verbose --outputDir ../evaluation/jalangi-1 ../evaluation/smallcase/case-1/ , desc: instrumentation
[2019-10-10T21:11:01.593] [INFO] default - run command "node  /Users/xiaoningchang/Documents/Code/noderacer/driver/instApp.js --justGenerate --verbose --outputDir ../evaluation/jalangi-1 ../evaluation/smallcase/case-1/" failed
[2019-10-10T21:12:21.682] [INFO] default - Running command: testdriver ../evaluation/target-1/known.js
[2019-10-10T21:17:03.468] [INFO] default - Running command: testdriver ../evaluation/target-1/known.js
[2019-10-10T21:17:58.965] [INFO] default - Running command: testdriver ../evaluation/target-1/known.js
[2019-10-10T21:27:18.915] [INFO] default - Running command: testdriver ../evaluation/target-1/known.js
[2019-10-10T21:36:54.543] [INFO] default - Running command: testdriver ../evaluation/target-1/known.js
[2019-10-10T21:37:46.812] [INFO] default - Running command: testdriver ../evaluation/target-1/known.js
[2019-10-10T21:39:26.308] [INFO] default - Running command: testdriver ../evaluation/target-1/known.js
[2019-10-10T21:40:16.723] [INFO] default - Running command: testdriver ../evaluation/target-1/known.js
[2019-10-10T21:41:07.058] [INFO] default - Running command: testdriver ../evaluation/target-1/known.js
[2019-10-10T21:41:34.101] [INFO] default - Running command: testdriver ../evaluation/target-1/known.js
[2019-10-10T21:41:54.321] [INFO] default - Running command: testdriver ../evaluation/target-1/
[2019-10-10T21:42:34.593] [INFO] default - Running command: instrument --outputDir ../jalangi ../evaluation/smallcase/case-1/
[2019-10-10T21:42:34.598] [INFO] default - instrumenting application: ../evaluation/smallcase/case-1/
[2019-10-10T21:42:34.598] [INFO] default - run command: node /Users/xiaoningchang/Documents/Code/noderacer/driver/instApp.js --justGenerate --verbose --outputDir ../jalangi ../evaluation/smallcase/case-1/ , desc: instrumentation
[2019-10-10T21:42:34.704] [INFO] default - run command "node  /Users/xiaoningchang/Documents/Code/noderacer/driver/instApp.js --justGenerate --verbose --outputDir ../jalangi ../evaluation/smallcase/case-1/" failed
[2019-10-10T21:43:41.417] [INFO] default - Running command: instrument --outputDir ../jalangi ../evaluation/smallcase/case-1/
[2019-10-10T21:43:41.422] [INFO] default - instrumenting application: ../evaluation/smallcase/case-1/
[2019-10-10T21:43:41.422] [INFO] default - run command: node /Users/xiaoningchang/Documents/Code/noderacer/driver/instApp.js --justGenerate --verbose --outputDir ../jalangi ../evaluation/smallcase/case-1/ , desc: instrumentation
[2019-10-10T21:43:41.524] [INFO] default - run command "node  /Users/xiaoningchang/Documents/Code/noderacer/driver/instApp.js --justGenerate --verbose --outputDir ../jalangi ../evaluation/smallcase/case-1/" failed
[2019-10-10T21:57:16.982] [INFO] default - Running command: instrument --outputDir ../jalangi ../evaluation/smallcase/case-1/
[2019-10-10T21:57:16.987] [INFO] default - instrumenting application: ../evaluation/smallcase/case-1/
[2019-10-10T21:57:16.987] [INFO] default - run command: node /Users/xiaoningchang/Documents/Code/noderacer/driver/instApp.js --justGenerate --verbose --outputDir ../jalangi ../evaluation/smallcase/case-1/ , desc: instrumentation
[2019-10-10T21:57:17.092] [INFO] default - run command "node  /Users/xiaoningchang/Documents/Code/noderacer/driver/instApp.js --justGenerate --verbose --outputDir ../jalangi ../evaluation/smallcase/case-1/" failed
[2019-10-10T21:59:25.118] [INFO] default - Running command: instrument --outputDir ../jalangi ../evaluation/smallcase/case-1/
[2019-10-10T21:59:25.123] [INFO] default - instrumenting application: ../evaluation/smallcase/case-1/
[2019-10-10T21:59:25.123] [INFO] default - run command: node /Users/xiaoningchang/Documents/Code/noderacer/driver/instApp.js --justGenerate --verbose --outputDir ../jalangi ../evaluation/smallcase/case-1/ , desc: instrumentation
[2019-10-10T21:59:25.231] [INFO] default - run command "node  /Users/xiaoningchang/Documents/Code/noderacer/driver/instApp.js --justGenerate --verbose --outputDir ../jalangi ../evaluation/smallcase/case-1/" failed
[2019-10-10T22:45:18.781] [INFO] default - Running command: instrument --outputDir ../jalangi ../evaluation/smallcase/case-1/
[2019-10-10T22:45:18.787] [INFO] default - instrumenting application: ../evaluation/smallcase/case-1/
[2019-10-10T22:45:18.787] [INFO] default - run command: node /Users/xiaoningchang/Documents/Code/noderacer/driver/instApp.js --justGenerate --verbose --outputDir ../jalangi ../evaluation/smallcase/case-1/ , desc: instrumentation
[2019-10-10T22:45:18.935] [INFO] default - run command "node  /Users/xiaoningchang/Documents/Code/noderacer/driver/instApp.js --justGenerate --verbose --outputDir ../jalangi ../evaluation/smallcase/case-1/" failed
[2019-10-10T23:17:50.566] [INFO] default - Running command: instrument --outputDir ../jalangi-sm ../evaluation/smallcase/case-1/
[2019-10-10T23:17:50.574] [INFO] default - instrumenting application: ../evaluation/smallcase/case-1/
[2019-10-10T23:17:50.574] [INFO] default - run command: node /Users/xiaoningchang/Documents/Code/noderacer/driver/instApp.js --justGenerate --verbose --outputDir ../jalangi-sm ../evaluation/smallcase/case-1/ , desc: instrumentation
[2019-10-10T23:17:50.811] [INFO] default - instrumentation complete
