3,-1,3,
32,185,1,fifotimer_orig_.js,
35,9,1,10,1,17,
35,17,1,10,1,80,
35,25,1,10,1,80,
35,33,1,10,1,80,
35,41,4,5,4,12,
35,49,4,1,4,13,
35,57,6,1,6,11,
35,65,7,9,7,16,
35,73,7,5,7,17,
35,81,6,12,8,2,
35,89,6,12,8,2,
35,97,6,12,8,2,
35,105,6,1,8,6,
35,113,6,1,8,7,
35,121,10,1,10,11,
35,129,11,9,11,16,
35,137,11,5,11,17,
35,145,10,12,12,2,
35,153,10,12,12,2,
35,161,10,12,12,2,
35,169,10,1,12,7,
35,177,10,1,12,8,
35,185,1,1,12,8,
35,193,1,1,12,8,
35,201,1,1,12,8,
35,209,1,1,12,8,
35,217,1,1,12,8,
35,225,1,1,12,8,
35,233,6,12,8,2,
35,241,6,12,8,2,
35,249,10,12,12,2,
35,257,10,12,12,2,
35,265,1,1,12,8,
35,273,1,1,12,8,
0,193,2,fs,0,
0,201,2,x,0,
0,209,2,y,0,
0,217,2,z,0,
0,225,2,a,0,
4,9,-1,5,require,
10,9,0,require,5,
47,17,require,0,
3,25,9,
1,25,2,fs,9,
1,41,2,x,0,
4,57,-1,11,setTimeout,
10,57,0,setTimeout,11,
24,7,Timeout,1,5,
20,8,TIMERWRAP,1,
47,105,setTimeout,,
10,121,0,setTimeout,11,
24,9,Timeout,1,10,
20,10,TIMERWRAP,1,
47,169,setTimeout,,
33,273,
21,5,
22,5,
21,8,
21,7,
13,81,undefined,
3,81,15,
3,81,17,
3,89,19,
1,65,2,y,0,
20,11,TickObject,7,
14,241,-2,
22,7,
22,8,
21,11,
22,11,
21,10,
21,9,
13,145,undefined,
3,145,21,
3,145,23,
3,153,25,
1,129,2,z,0,
20,12,TickObject,9,
14,257,-2,
22,9,
22,10,
21,12,
22,12,
20,13,FSREQWRAP,0,
