3,-1,3,
32,201,1,interval_orig_.js,
35,9,1,10,1,17,
35,17,1,10,1,80,
35,25,1,10,1,80,
35,33,1,10,1,80,
35,41,3,13,3,24,
35,49,4,5,4,7,
35,57,4,5,4,31,
35,59,4,5,4,17,
35,65,4,5,4,32,
35,73,3,25,5,2,
35,81,3,25,5,2,
35,89,3,25,5,2,
35,97,3,13,5,5,
35,105,3,13,5,5,
35,113,3,13,5,5,
35,121,8,1,8,11,
35,129,9,5,9,18,
35,137,9,19,9,24,
35,145,9,5,9,25,
35,153,9,5,9,26,
35,161,8,12,10,2,
35,169,8,12,10,2,
35,177,8,12,10,2,
35,185,8,1,10,6,
35,193,8,1,10,7,
35,201,1,1,10,7,
35,209,1,1,10,7,
35,217,1,1,10,7,
35,225,3,25,5,2,
35,233,3,25,5,2,
35,241,8,12,10,2,
35,249,8,12,10,2,
35,257,1,1,10,7,
35,265,1,1,10,7,
0,209,2,fs,0,
0,217,2,timer,0,
4,9,-1,5,require,
10,9,0,require,5,
47,17,require,0,
3,25,9,
1,25,2,fs,9,
4,41,-1,11,setInterval,
10,41,0,setInterval,11,
24,7,Timeout,1,2,
20,8,TIMERWRAP,1,
3,97,15,
1,97,~timer~global~1,15,undefined,
47,97,setInterval,10,
3,105,17,
1,105,2,timer,17,
4,121,-1,19,setTimeout,
10,121,0,setTimeout,19,
24,9,Timeout,1,7,
20,10,TIMERWRAP,1,
47,185,setTimeout,,
33,265,
21,8,
21,7,
13,73,undefined,
3,81,23,
10,49,2,fs,9,
11,59,9,writeSync,-1,
42,/Users/xiaoningchang/Code/jalangi-sm/interval/fd1,fs,writeSync,10,Timeout._onTimeout (/Users/xiaoningchang/Code/jalangi-sm/interval/interval.js:17:89),0,
47,57,,00,
20,11,TickObject,7,
14,233,-2,
22,7,
22,8,
21,11,
22,11,
21,5,
22,5,
21,8,
21,7,
13,73,undefined,
3,81,25,
10,49,2,fs,9,
11,59,9,writeSync,-1,
42,/Users/xiaoningchang/Code/jalangi-sm/interval/fd1,fs,writeSync,11,Timeout._onTimeout (/Users/xiaoningchang/Code/jalangi-sm/interval/interval.js:17:89),0,
47,57,,00,
20,12,TickObject,7,
14,233,-2,
22,7,
22,8,
21,12,
22,12,
21,10,
21,9,
13,161,undefined,
3,161,27,
3,161,29,
3,169,31,
4,129,-1,33,clearInterval,
10,129,0,clearInterval,33,
10,137,2,timer,17,
47,145,clearInterval,0,
20,13,TickObject,9,
14,249,-2,
22,9,
22,10,
21,13,
22,13,
20,14,FSREQWRAP,0,
