3,-1,3,
32,185,1,fifo_orig_.js,
35,9,1,10,1,17,
35,17,1,10,1,80,
35,25,1,10,1,80,
35,33,1,10,1,80,
35,41,4,5,4,12,
35,49,4,1,4,13,
35,57,6,1,6,13,
35,65,7,9,7,16,
35,73,7,5,7,17,
35,81,6,14,8,2,
35,89,6,14,8,2,
35,97,6,14,8,2,
35,105,6,1,8,3,
35,113,6,1,8,4,
35,121,10,1,10,13,
35,129,11,9,11,16,
35,137,11,5,11,17,
35,145,10,14,12,2,
35,153,10,14,12,2,
35,161,10,14,12,2,
35,169,10,1,12,3,
35,177,10,1,12,4,
35,185,1,1,12,4,
35,193,1,1,12,4,
35,201,1,1,12,4,
35,209,1,1,12,4,
35,217,1,1,12,4,
35,225,1,1,12,4,
35,233,6,14,8,2,
35,241,6,14,8,2,
35,249,10,14,12,2,
35,257,10,14,12,2,
35,265,1,1,12,4,
35,273,1,1,12,4,
0,193,2,fs,0,
0,201,2,x,0,
0,209,2,y,0,
0,217,2,z,0,
0,225,2,a,0,
4,9,-1,5,require,
10,9,0,require,5,
47,17,require,0,
3,25,9,
1,25,2,fs,9,
1,41,2,x,0,
4,57,-1,11,setImmediate,
10,57,0,setImmediate,11,
20,7,Immediate,1,
47,105,setImmediate,1,
10,121,0,setImmediate,11,
20,8,Immediate,1,
47,169,setImmediate,1,
33,273,
21,5,
22,5,
21,7,
13,81,undefined,
3,81,15,
3,81,17,
3,89,19,
1,65,2,y,0,
20,9,TickObject,7,
14,241,-2,
22,7,
21,8,
13,145,undefined,
3,145,21,
3,145,23,
3,153,25,
1,129,2,z,0,
20,10,TickObject,8,
14,257,-2,
22,8,
21,9,
22,9,
21,10,
22,10,
20,11,FSREQWRAP,0,
