3,-1,3,
32,305,1,race-1_orig_.js,
35,9,2,9,2,10,
35,17,2,5,2,11,
35,25,3,5,3,12,
35,33,3,5,3,12,
35,41,1,1,4,2,
35,49,1,1,4,2,
35,57,1,1,4,2,
35,65,1,1,4,2,
35,73,6,10,6,22,
35,81,7,10,7,22,
35,89,6,10,6,22,
35,97,6,10,6,22,
35,105,7,10,7,22,
35,113,7,10,7,22,
35,121,8,14,8,15,
35,129,8,14,8,15,
35,137,10,1,10,13,
35,145,11,14,11,15,
35,153,11,16,11,18,
35,161,11,20,11,22,
35,169,11,14,11,23,
35,177,11,14,11,23,
35,185,11,5,11,24,
35,193,10,14,12,2,
35,201,10,14,12,2,
35,209,10,14,12,2,
35,217,10,1,12,3,
35,225,10,1,12,4,
35,233,14,1,14,11,
35,241,15,5,15,11,
35,249,15,15,15,16,
35,257,15,5,15,17,
35,265,14,12,16,2,
35,273,14,12,16,2,
35,281,14,12,16,2,
35,289,14,1,16,3,
35,297,14,1,16,4,
35,305,1,1,16,4,
35,313,1,1,4,2,
35,321,1,1,16,4,
35,329,1,1,16,4,
35,337,1,1,16,4,
35,345,1,1,16,4,
35,353,1,1,4,2,
35,361,1,1,4,2,
35,369,10,14,12,2,
35,377,10,14,12,2,
35,385,14,12,16,2,
35,393,14,12,16,2,
35,401,1,1,16,4,
35,409,1,1,16,4,
3,321,5,
0,321,2,f,5,
0,329,2,o1,0,
0,337,2,o2,0,
0,345,2,output,0,
3,89,7,
1,89,-1,o1,7,
3,105,9,
1,105,-1,o2,9,
1,121,-1,output,0,
4,137,-1,11,setImmediate,
10,137,0,setImmediate,11,
20,7,Immediate,1,
47,217,setImmediate,1,
4,233,-1,15,setTimeout,
10,233,0,setTimeout,15,
24,8,Timeout,1,1,
20,9,TIMERWRAP,1,
47,289,setTimeout,,
33,409,
21,9,
21,8,
13,265,undefined,
3,265,19,
3,265,21,
3,273,23,
10,241,2,output,0,
1,249,2,output,0,
20,10,TickObject,8,
14,393,-2,
22,8,
22,9,
21,10,
22,10,
21,5,
22,5,
21,7,
13,193,undefined,
3,193,25,
3,193,27,
3,201,29,
10,145,2,f,5,
10,153,2,o1,7,
10,161,2,o2,9,
13,41,undefined,
3,49,31,
0,57,4,a,7,
0,65,4,b,9,
1,9,-1,a,0,
20,11,TickObject,7,
14,361,-2,
47,169,f,00,
1,177,2,output,0,
20,12,TickObject,7,
14,377,-2,
22,7,
21,11,
22,11,
21,12,
22,12,
20,13,FSREQWRAP,0,
