3,-1,3,
32,233,1,diffQ_orig_.js,
35,9,1,10,1,17,
35,17,1,10,1,80,
35,25,1,10,1,80,
35,33,1,10,1,80,
35,41,4,5,4,12,
35,49,4,1,4,13,
35,57,6,1,6,13,
35,65,7,9,7,16,
35,73,7,5,7,17,
35,81,8,5,8,7,
35,89,8,5,8,35,
35,91,8,5,8,17,
35,97,8,5,8,36,
35,105,6,14,9,2,
35,113,6,14,9,2,
35,121,6,14,9,2,
35,129,6,1,9,3,
35,137,6,1,9,4,
35,145,11,1,11,8,
35,153,12,9,12,16,
35,161,12,5,12,17,
35,169,13,5,13,7,
35,177,13,5,13,34,
35,179,13,5,13,17,
35,185,13,5,13,35,
35,193,11,18,14,2,
35,201,11,18,14,2,
35,209,11,18,14,2,
35,217,11,1,14,3,
35,219,11,1,11,17,
35,225,11,1,14,4,
35,233,1,1,14,4,
35,241,1,1,14,4,
35,249,1,1,14,4,
35,257,1,1,14,4,
35,265,1,1,14,4,
35,273,1,1,14,4,
35,281,6,14,9,2,
35,289,6,14,9,2,
35,297,11,18,14,2,
35,305,11,18,14,2,
35,313,1,1,14,4,
35,321,1,1,14,4,
0,241,2,fs,0,
0,249,2,x,0,
0,257,2,y,0,
0,265,2,z,0,
0,273,2,a,0,
4,9,-1,5,require,
10,9,0,require,5,
47,17,require,0,
3,25,9,
1,25,2,fs,9,
1,41,2,x,0,
4,57,-1,11,setImmediate,
10,57,0,setImmediate,11,
20,7,Immediate,1,
47,129,setImmediate,1,
3,145,15,
10,145,0,process,15,
11,219,15,nextTick,-1,
20,8,TickObject,1,
47,217,nextTick,1,
33,321,
21,8,
13,193,undefined,
3,193,17,
3,201,19,
1,153,2,z,0,
10,169,2,fs,9,
11,179,9,writeSync,-1,
42,/Users/xiaoningchang/Code/jalangi-sm/diffQ/fd1,fs,writeSync,8,/Users/xiaoningchang/Code/jalangi-sm/diffQ/diffQ.js:41:92,0,
47,177,,00,
20,9,TickObject,8,
14,305,-2,
22,8,
21,9,
22,9,
21,5,
22,5,
21,7,
13,105,undefined,
3,105,21,
3,105,23,
3,113,25,
1,65,2,y,0,
10,81,2,fs,9,
11,91,9,writeSync,-1,
42,/Users/xiaoningchang/Code/jalangi-sm/diffQ/fd1,fs,writeSync,9,Immediate._onImmediate (/Users/xiaoningchang/Code/jalangi-sm/diffQ/diffQ.js:23:89),0,
47,89,,00,
20,10,TickObject,7,
14,289,-2,
22,7,
21,10,
22,10,
20,11,FSREQWRAP,0,
