3,-1,3,
32,265,1,pro-then_orig_.js,
35,9,1,10,1,17,
35,17,1,10,1,80,
35,25,1,10,1,80,
35,33,1,10,1,80,
35,41,3,14,3,21,
35,49,4,9,4,10,
35,57,4,5,4,11,
35,65,5,5,5,17,
35,73,6,9,6,16,
35,81,6,9,6,21,
35,89,6,9,6,22,
35,97,5,18,7,6,
35,105,5,18,7,6,
35,113,5,18,7,6,
35,121,5,5,7,7,
35,129,5,5,7,8,
35,137,3,10,8,3,
35,145,3,10,8,3,
35,153,3,10,8,3,
35,161,10,1,10,3,
35,169,11,9,11,10,
35,177,11,5,11,11,
35,185,12,5,12,7,
35,193,12,25,12,30,
35,201,12,5,12,36,
35,203,12,5,12,17,
35,209,12,5,12,37,
35,217,14,5,14,7,
35,225,14,21,14,27,
35,233,14,5,14,28,
35,235,14,5,14,17,
35,241,14,5,14,29,
35,249,10,1,15,3,
35,251,10,1,10,8,
35,257,10,1,15,4,
35,265,1,1,15,4,
35,273,1,1,15,4,
35,281,1,1,15,4,
35,289,1,1,15,4,
35,297,1,1,15,4,
35,305,5,18,7,6,
35,313,5,18,7,6,
35,321,1,1,15,4,
35,329,1,1,15,4,
0,273,2,fs,0,
0,281,2,a,0,
0,289,2,b,0,
0,297,2,p1,0,
4,9,-1,5,require,
10,9,0,require,5,
47,17,require,0,
3,25,9,
1,25,2,fs,9,
4,41,-1,11,Promise,
10,41,0,Promise,11,
20,7,PROMISE,1,
1,49,2,a,0,
4,65,-1,15,setImmediate,
10,65,0,setImmediate,15,
20,8,Immediate,1,
47,121,setImmediate,1,
47,137,Promise,1,
3,145,19,
1,145,2,p1,19,
10,161,2,p1,19,
11,251,19,then,-1,
20,9,PROMISE,7,
47,249,then,11,
33,329,
21,5,
22,5,
21,8,
13,97,undefined,
3,97,21,
3,97,23,
3,105,25,
4,73,-1,27,resolve,
10,73,0,resolve,27,
23,7,8,1,
47,81,,0,
20,10,TickObject,8,
14,313,-2,
22,8,
21,10,
22,10,
21,9,
1,169,2,b,0,
10,185,2,fs,9,
11,203,9,writeSync,-1,
10,193,0,value,0,
42,/Users/xiaoningchang/Code/jalangi-sm/pro-resolve/fd1,fs,writeSync,10,J$.X1.J$.M.value (/Users/xiaoningchang/Code/jalangi-sm/pro-resolve/pro-then.js:36:80),0,
47,201,,00,
23,9,9,7,
22,9,
20,11,FSREQWRAP,0,
