3,-1,3,
32,321,1,promiseall_orig_.js,
35,9,1,10,1,17,
35,17,1,10,1,80,
35,25,1,10,1,80,
35,33,1,10,1,80,
35,41,3,16,3,23,
35,49,3,16,3,34,
35,51,3,16,3,31,
35,57,3,16,3,34,
35,65,3,16,3,34,
35,73,4,16,4,18,
35,81,4,16,4,18,
35,89,5,20,5,27,
35,97,6,3,6,13,
35,105,6,14,6,21,
35,113,6,3,6,34,
35,121,6,3,6,35,
35,129,5,28,7,2,
35,137,5,28,7,2,
35,145,5,28,7,2,
35,153,5,28,7,2,
35,161,5,28,7,2,
35,169,5,16,7,3,
35,177,5,16,7,3,
35,185,5,16,7,3,
35,193,9,1,9,8,
35,201,9,14,9,22,
35,209,9,24,9,32,
35,217,9,34,9,42,
35,225,9,13,9,43,
35,233,9,1,9,44,
35,235,9,1,9,12,
35,241,10,3,10,5,
35,249,10,19,10,25,
35,257,10,3,10,26,
35,259,10,3,10,15,
35,265,10,3,10,27,
35,273,9,50,11,2,
35,281,9,50,11,2,
35,289,9,50,11,2,
35,297,9,50,11,2,
35,305,9,1,11,3,
35,307,9,1,9,49,
35,313,9,1,11,4,
35,321,1,1,11,4,
35,329,1,1,11,4,
35,337,1,1,11,4,
35,345,1,1,11,4,
35,353,1,1,11,4,
35,361,5,28,7,2,
35,369,5,28,7,2,
35,377,9,50,11,2,
35,385,9,50,11,2,
35,393,1,1,11,4,
35,401,1,1,11,4,
0,329,2,fs,0,
0,337,2,promise1,0,
0,345,2,promise2,0,
0,353,2,promise3,0,
4,9,-1,5,require,
10,9,0,require,5,
47,17,require,0,
3,25,9,
1,25,2,fs,9,
4,41,-1,11,Promise,
10,41,0,Promise,11,
11,51,11,resolve,-1,
20,7,PROMISE,1,
23,7,1,0,
47,49,resolve,0,
3,57,15,
1,57,2,promise1,15,
1,73,2,promise2,0,
10,89,0,Promise,11,
20,8,PROMISE,1,
13,129,undefined,
3,129,17,
3,137,19,
3,145,21,
0,145,4,resolve,21,
3,153,23,
0,153,4,reject,23,
4,97,-1,25,setTimeout,
10,97,0,setTimeout,25,
10,105,4,resolve,21,
24,9,Timeout,1,100,
20,10,TIMERWRAP,1,
47,113,setTimeout,,
20,11,TickObject,1,
14,369,-2,
47,169,Promise,1,
3,177,29,
1,177,2,promise3,29,
10,193,0,Promise,11,
11,235,11,all,-1,
10,201,2,promise1,15,
10,209,2,promise2,0,
10,217,2,promise3,29,
25,1,0,
20,12,PROMISE,1,
20,13,PROMISE,7,
20,14,PROMISE,1,
23,14,1,0,
20,15,PROMISE,14,
20,16,PROMISE,8,
26,1,0,
47,233,,0,
20,17,PROMISE,12,
47,305,then,1,
33,401,
21,11,
22,11,
21,13,
23,13,13,7,
22,13,
21,15,
23,15,15,14,
22,15,
21,5,
22,5,
21,10,
21,9,
23,8,9,1,
22,9,
22,10,
21,16,
23,12,16,8,
23,16,16,8,
22,16,
21,17,
13,273,undefined,
3,273,31,
3,281,33,
3,289,35,
0,289,6,values,35,
10,241,2,fs,9,
11,259,9,writeSync,-1,
10,249,6,values,35,
42,/Users/xiaoningchang/Code/jalangi-sm/promiseall/fd1,fs,writeSync,17,/Users/xiaoningchang/Code/jalangi-sm/promiseall/promiseall.js:45:92,0,
47,257,,00,
20,18,TickObject,17,
14,385,-2,
23,17,17,12,
22,17,
21,18,
22,18,
20,19,FSREQWRAP,0,
